[ 2015-12-05T23:36:33+08:00 ] ::1 /ag_bishe/Application/index.php/Home/Train/user
INFO: [ app_init ] --START--
INFO: Run Behavior\BuildLiteBehavior [ RunTime:0.000013s ]
INFO: [ app_init ] --END-- [ RunTime:0.000081s ]
INFO: [ app_begin ] --START--
INFO: Run Behavior\ReadHtmlCacheBehavior [ RunTime:0.000678s ]
INFO: [ app_begin ] --END-- [ RunTime:0.000754s ]

[ 2015-12-05T23:37:15+08:00 ] ::1 /ag_bishe/Application/index.php/Home/Train/user
INFO: [ app_init ] --START--
INFO: Run Behavior\BuildLiteBehavior [ RunTime:0.000012s ]
INFO: [ app_init ] --END-- [ RunTime:0.000070s ]
INFO: [ app_begin ] --START--
INFO: Run Behavior\ReadHtmlCacheBehavior [ RunTime:0.000564s ]
INFO: [ app_begin ] --END-- [ RunTime:0.000665s ]
SQL: SHOW COLUMNS FROM `user` [ RunTime:3.2523s ]
SQL: SELECT * FROM `user`  [ RunTime:0.0007s ]
INFO: [ view_parse ] --START--
INFO: [ template_filter ] --START--
INFO: Run Behavior\ContentReplaceBehavior [ RunTime:0.000112s ]
INFO: [ template_filter ] --END-- [ RunTime:0.000246s ]
NOTIC: [8] Undefined variable: now F:\study\php\ag_bishe\Application\Runtime\Cache\Home\6cec3142c27b6a3f05c49986d0c984ab.php 第 18 行.
NOTIC: [8] Undefined variable: man F:\study\php\ag_bishe\Application\Runtime\Cache\Home\6cec3142c27b6a3f05c49986d0c984ab.php 第 20 行.
NOTIC: [8] Undefined variable: man F:\study\php\ag_bishe\Application\Runtime\Cache\Home\6cec3142c27b6a3f05c49986d0c984ab.php 第 21 行.
NOTIC: [8] Undefined variable: num F:\study\php\ag_bishe\Application\Runtime\Cache\Home\6cec3142c27b6a3f05c49986d0c984ab.php 第 25 行.
INFO: Run Behavior\ParseTemplateBehavior [ RunTime:0.013939s ]
INFO: [ view_parse ] --END-- [ RunTime:0.014051s ]
INFO: [ view_filter ] --START--
INFO: Run Behavior\WriteHtmlCacheBehavior [ RunTime:0.000546s ]
INFO: [ view_filter ] --END-- [ RunTime:0.000633s ]
INFO: [ app_end ] --START--
INFO: Run Behavior\ShowPageTraceBehavior [ RunTime:0.001173s ]
INFO: [ app_end ] --END-- [ RunTime:0.001307s ]

[ 2015-12-05T23:38:10+08:00 ] ::1 /ag_bishe/Application/index.php/Home/Train/user
INFO: [ app_init ] --START--
INFO: Run Behavior\BuildLiteBehavior [ RunTime:0.000017s ]
INFO: [ app_init ] --END-- [ RunTime:0.000092s ]
INFO: [ app_begin ] --START--
INFO: Run Behavior\ReadHtmlCacheBehavior [ RunTime:0.000405s ]
INFO: [ app_begin ] --END-- [ RunTime:0.000458s ]
SQL: SHOW COLUMNS FROM `user` [ RunTime:0.0077s ]
SQL: SELECT * FROM `user`  [ RunTime:0.0008s ]
INFO: [ view_parse ] --START--
INFO: [ template_filter ] --START--
INFO: Run Behavior\ContentReplaceBehavior [ RunTime:0.000041s ]
INFO: [ template_filter ] --END-- [ RunTime:0.000094s ]
NOTIC: [8] Undefined variable: now F:\study\php\ag_bishe\Application\Runtime\Cache\Home\6cec3142c27b6a3f05c49986d0c984ab.php 第 18 行.
NOTIC: [8] Undefined variable: man F:\study\php\ag_bishe\Application\Runtime\Cache\Home\6cec3142c27b6a3f05c49986d0c984ab.php 第 20 行.
NOTIC: [8] Undefined variable: man F:\study\php\ag_bishe\Application\Runtime\Cache\Home\6cec3142c27b6a3f05c49986d0c984ab.php 第 21 行.
NOTIC: [8] Undefined variable: num F:\study\php\ag_bishe\Application\Runtime\Cache\Home\6cec3142c27b6a3f05c49986d0c984ab.php 第 25 行.
INFO: Run Behavior\ParseTemplateBehavior [ RunTime:0.006001s ]
INFO: [ view_parse ] --END-- [ RunTime:0.006054s ]
INFO: [ view_filter ] --START--
INFO: Run Behavior\WriteHtmlCacheBehavior [ RunTime:0.000191s ]
INFO: [ view_filter ] --END-- [ RunTime:0.000231s ]
INFO: [ app_end ] --START--
INFO: Run Behavior\ShowPageTraceBehavior [ RunTime:0.000364s ]
INFO: [ app_end ] --END-- [ RunTime:0.000412s ]

